C:\Program Files (x86)\Microsoft Visual Studio\2019\Community\MSBuild\Microsoft\VC\v160\Microsoft.CppCommon.targets(1074,5): error MSB6003: The specified task executable "link.exe" could not be run. System.IO.DirectoryNotFoundException: Could not find a part of the path 'D:\shiref\Galala University\Semester 1\programming\MY project\(Shiref Khaled),(Mahitab Waleed),(Karim Ashraf ),(Rawan Khaled),(Amro momtaz)\Automatic Banking system\Automatic Banking system\Debug\Automati.23891af8.tlog'.
C:\Program Files (x86)\Microsoft Visual Studio\2019\Community\MSBuild\Microsoft\VC\v160\Microsoft.CppCommon.targets(1074,5): error MSB6003:    at System.IO.__Error.WinIOError(Int32 errorCode, String maybeFullPath)
C:\Program Files (x86)\Microsoft Visual Studio\2019\Community\MSBuild\Microsoft\VC\v160\Microsoft.CppCommon.targets(1074,5): error MSB6003:    at System.IO.FileSystemEnumerableIterator`1.CommonInit()
C:\Program Files (x86)\Microsoft Visual Studio\2019\Community\MSBuild\Microsoft\VC\v160\Microsoft.CppCommon.targets(1074,5): error MSB6003:    at System.IO.FileSystemEnumerableIterator`1..ctor(String path, String originalUserPath, String searchPattern, SearchOption searchOption, SearchResultHandler`1 resultHandler, Boolean checkHost)
C:\Program Files (x86)\Microsoft Visual Studio\2019\Community\MSBuild\Microsoft\VC\v160\Microsoft.CppCommon.targets(1074,5): error MSB6003:    at System.IO.Directory.GetFiles(String path, String searchPattern)
C:\Program Files (x86)\Microsoft Visual Studio\2019\Community\MSBuild\Microsoft\VC\v160\Microsoft.CppCommon.targets(1074,5): error MSB6003:    at Microsoft.Build.Utilities.TrackedDependencies.ExpandWildcards(ITaskItem[] expand)
C:\Program Files (x86)\Microsoft Visual Studio\2019\Community\MSBuild\Microsoft\VC\v160\Microsoft.CppCommon.targets(1074,5): error MSB6003:    at Microsoft.Build.Utilities.CanonicalTrackedOutputFiles.InternalConstruct(ITask ownerTask, ITaskItem[] tlogFiles, Boolean constructOutputsFromTLogs)
C:\Program Files (x86)\Microsoft Visual Studio\2019\Community\MSBuild\Microsoft\VC\v160\Microsoft.CppCommon.targets(1074,5): error MSB6003:    at Microsoft.Build.CPPTasks.TrackedVCToolTask.ComputeOutOfDateSources()
C:\Program Files (x86)\Microsoft Visual Studio\2019\Community\MSBuild\Microsoft\VC\v160\Microsoft.CppCommon.targets(1074,5): error MSB6003:    at Microsoft.Build.CPPTasks.Link.ComputeOutOfDateSources()
C:\Program Files (x86)\Microsoft Visual Studio\2019\Community\MSBuild\Microsoft\VC\v160\Microsoft.CppCommon.targets(1074,5): error MSB6003:    at Microsoft.Build.CPPTasks.TrackedVCToolTask.SkipTaskExecution()
C:\Program Files (x86)\Microsoft Visual Studio\2019\Community\MSBuild\Microsoft\VC\v160\Microsoft.CppCommon.targets(1074,5): error MSB6003:    at Microsoft.Build.Utilities.ToolTask.Execute()
